Added Component: Designator=C1(CAPPR55-200-1100X500X1200)
Add component (AddParameter): Name = "Capacitance"; Value = "10uF"; VariantName = "[No Variations]"
Add component (AddParameter): Name = "Case/Package"; Value = "Radial"; VariantName = "[No Variations]"
Add component (AddParameter): Name = "Datasheet URL"; Value = "https://industrial.panasonic.com/cdbs/www-data/pdf/RDF0000/ABA0000C1218.pdf"; VariantName = "[No Variations]"
Add component (AddParameter): Name = "Datasheet Version"; Value = "Rev. 05, 10/2016"; VariantName = "[No Variations]"
Add component (AddParameter): Name = "Diameter"; Value = "5mm"; VariantName = "[No Variations]"
Add component (AddParameter): Name = "Dielectric Material"; Value = "Aluminium"; VariantName = "[No Variations]"
Add component (AddParameter): Name = "Dissipation Factor"; Value = "0.12%"; VariantName = "[No Variations]"
Add component (AddParameter): Name = "Height"; Value = "11mm"; VariantName = "[No Variations]"
Add component (AddParameter): Name = "Height - Seated (Max)"; Value = "0.472inch"; VariantName = "[No Variations]"
Add component (AddParameter): Name = "Lead Diameter"; Value = "0.5mm"; VariantName = "[No Variations]"
Add component (AddParameter): Name = "Lead Free"; Value = "LeadFree"; VariantName = "[No Variations]"
Add component (AddParameter): Name = "Lead Pitch"; Value = "2mm"; VariantName = "[No Variations]"
Add component (AddParameter): Name = "Lead/Base Style"; Value = "Straight"; VariantName = "[No Variations]"
Add component (AddParameter): Name = "Leakage Current"; Value = "3uA"; VariantName = "[No Variations]"
Add component (AddParameter): Name = "Length"; Value = "11mm"; VariantName = "[No Variations]"
Add component (AddParameter): Name = "Life (Hours)"; Value = "2000Hour"; VariantName = "[No Variations]"
Add component (AddParameter): Name = "Manufacturer"; Value = "Panasonic"; VariantName = "[No Variations]"
Add component (AddParameter): Name = "Manufacturer URL"; Value = "http://www.panasonic.com/"; VariantName = "[No Variations]"
Add component (AddParameter): Name = "Max Operating Temperature"; Value = "85degC"; VariantName = "[No Variations]"
Add component (AddParameter): Name = "Min Operating Temperature"; Value = "-40degC"; VariantName = "[No Variations]"
Add component (AddParameter): Name = "Mount"; Value = "ThroughHole"; VariantName = "[No Variations]"
Add component (AddParameter): Name = "Number of Pins"; Value = "2"; VariantName = "[No Variations]"
Add component (AddParameter): Name = "Package Description"; Value = "2-Pin Radial Lead, Dia 5 mm, Height 12 mm"; VariantName = "[No Variations]"
Add component (AddParameter): Name = "Package Quantity"; Value = "200"; VariantName = "[No Variations]"
Add component (AddParameter): Name = "Package Reference"; Value = "CAPPR55-200-1100X500X1200"; VariantName = "[No Variations]"
Add component (AddParameter): Name = "Packaging"; Value = "Bulk"; VariantName = "[No Variations]"
Add component (AddParameter): Name = "Radiation Hardening"; Value = "No"; VariantName = "[No Variations]"
Add component (AddParameter): Name = "REACH SVHC"; Value = "NoSVHC"; VariantName = "[No Variations]"
Add component (AddParameter): Name = "Ripple Current"; Value = "65mA"; VariantName = "[No Variations]"
Add component (AddParameter): Name = "Ripple Current (AC)"; Value = "65mA"; VariantName = "[No Variations]"
Add component (AddParameter): Name = "RoHSCompliant"; Value = "true"; VariantName = "[No Variations]"
Add component (AddParameter): Name = "Termination"; Value = "Radial"; VariantName = "[No Variations]"
Add component (AddParameter): Name = "Tolerance"; Value = "20%"; VariantName = "[No Variations]"
Add component (AddParameter): Name = "Voltage"; Value = "50V"; VariantName = "[No Variations]"
Add component (AddParameter): Name = "Voltage Rating"; Value = "50V"; VariantName = "[No Variations]"
Add component (AddParameter): Name = "Voltage Rating (DC)"; Value = "50V"; VariantName = "[No Variations]"
Added Component: Designator=C2(CAPPR55-200-1100X500X1200)
Add component (AddParameter): Name = "Capacitance"; Value = "10uF"; VariantName = "[No Variations]"
Add component (AddParameter): Name = "Case/Package"; Value = "Radial"; VariantName = "[No Variations]"
Add component (AddParameter): Name = "Datasheet URL"; Value = "https://industrial.panasonic.com/cdbs/www-data/pdf/RDF0000/ABA0000C1218.pdf"; VariantName = "[No Variations]"
Add component (AddParameter): Name = "Datasheet Version"; Value = "Rev. 05, 10/2016"; VariantName = "[No Variations]"
Add component (AddParameter): Name = "Diameter"; Value = "5mm"; VariantName = "[No Variations]"
Add component (AddParameter): Name = "Dielectric Material"; Value = "Aluminium"; VariantName = "[No Variations]"
Add component (AddParameter): Name = "Dissipation Factor"; Value = "0.12%"; VariantName = "[No Variations]"
Add component (AddParameter): Name = "Height"; Value = "11mm"; VariantName = "[No Variations]"
Add component (AddParameter): Name = "Height - Seated (Max)"; Value = "0.472inch"; VariantName = "[No Variations]"
Add component (AddParameter): Name = "Lead Diameter"; Value = "0.5mm"; VariantName = "[No Variations]"
Add component (AddParameter): Name = "Lead Free"; Value = "LeadFree"; VariantName = "[No Variations]"
Add component (AddParameter): Name = "Lead Pitch"; Value = "2mm"; VariantName = "[No Variations]"
Add component (AddParameter): Name = "Lead/Base Style"; Value = "Straight"; VariantName = "[No Variations]"
Add component (AddParameter): Name = "Leakage Current"; Value = "3uA"; VariantName = "[No Variations]"
Add component (AddParameter): Name = "Length"; Value = "11mm"; VariantName = "[No Variations]"
Add component (AddParameter): Name = "Life (Hours)"; Value = "2000Hour"; VariantName = "[No Variations]"
Add component (AddParameter): Name = "Manufacturer"; Value = "Panasonic"; VariantName = "[No Variations]"
Add component (AddParameter): Name = "Manufacturer URL"; Value = "http://www.panasonic.com/"; VariantName = "[No Variations]"
Add component (AddParameter): Name = "Max Operating Temperature"; Value = "85degC"; VariantName = "[No Variations]"
Add component (AddParameter): Name = "Min Operating Temperature"; Value = "-40degC"; VariantName = "[No Variations]"
Add component (AddParameter): Name = "Mount"; Value = "ThroughHole"; VariantName = "[No Variations]"
Add component (AddParameter): Name = "Number of Pins"; Value = "2"; VariantName = "[No Variations]"
Add component (AddParameter): Name = "Package Description"; Value = "2-Pin Radial Lead, Dia 5 mm, Height 12 mm"; VariantName = "[No Variations]"
Add component (AddParameter): Name = "Package Quantity"; Value = "200"; VariantName = "[No Variations]"
Add component (AddParameter): Name = "Package Reference"; Value = "CAPPR55-200-1100X500X1200"; VariantName = "[No Variations]"
Add component (AddParameter): Name = "Packaging"; Value = "Bulk"; VariantName = "[No Variations]"
Add component (AddParameter): Name = "Radiation Hardening"; Value = "No"; VariantName = "[No Variations]"
Add component (AddParameter): Name = "REACH SVHC"; Value = "NoSVHC"; VariantName = "[No Variations]"
Add component (AddParameter): Name = "Ripple Current"; Value = "65mA"; VariantName = "[No Variations]"
Add component (AddParameter): Name = "Ripple Current (AC)"; Value = "65mA"; VariantName = "[No Variations]"
Add component (AddParameter): Name = "RoHSCompliant"; Value = "true"; VariantName = "[No Variations]"
Add component (AddParameter): Name = "Termination"; Value = "Radial"; VariantName = "[No Variations]"
Add component (AddParameter): Name = "Tolerance"; Value = "20%"; VariantName = "[No Variations]"
Add component (AddParameter): Name = "Voltage"; Value = "50V"; VariantName = "[No Variations]"
Add component (AddParameter): Name = "Voltage Rating"; Value = "50V"; VariantName = "[No Variations]"
Add component (AddParameter): Name = "Voltage Rating (DC)"; Value = "50V"; VariantName = "[No Variations]"
Added Component: Designator=C3(CAPPR55-200-1100X500X1200)
Add component (AddParameter): Name = "Capacitance"; Value = "10uF"; VariantName = "[No Variations]"
Add component (AddParameter): Name = "Case/Package"; Value = "Radial"; VariantName = "[No Variations]"
Add component (AddParameter): Name = "Datasheet URL"; Value = "https://industrial.panasonic.com/cdbs/www-data/pdf/RDF0000/ABA0000C1218.pdf"; VariantName = "[No Variations]"
Add component (AddParameter): Name = "Datasheet Version"; Value = "Rev. 05, 10/2016"; VariantName = "[No Variations]"
Add component (AddParameter): Name = "Diameter"; Value = "5mm"; VariantName = "[No Variations]"
Add component (AddParameter): Name = "Dielectric Material"; Value = "Aluminium"; VariantName = "[No Variations]"
Add component (AddParameter): Name = "Dissipation Factor"; Value = "0.12%"; VariantName = "[No Variations]"
Add component (AddParameter): Name = "Height"; Value = "11mm"; VariantName = "[No Variations]"
Add component (AddParameter): Name = "Height - Seated (Max)"; Value = "0.472inch"; VariantName = "[No Variations]"
Add component (AddParameter): Name = "Lead Diameter"; Value = "0.5mm"; VariantName = "[No Variations]"
Add component (AddParameter): Name = "Lead Free"; Value = "LeadFree"; VariantName = "[No Variations]"
Add component (AddParameter): Name = "Lead Pitch"; Value = "2mm"; VariantName = "[No Variations]"
Add component (AddParameter): Name = "Lead/Base Style"; Value = "Straight"; VariantName = "[No Variations]"
Add component (AddParameter): Name = "Leakage Current"; Value = "3uA"; VariantName = "[No Variations]"
Add component (AddParameter): Name = "Length"; Value = "11mm"; VariantName = "[No Variations]"
Add component (AddParameter): Name = "Life (Hours)"; Value = "2000Hour"; VariantName = "[No Variations]"
Add component (AddParameter): Name = "Manufacturer"; Value = "Panasonic"; VariantName = "[No Variations]"
Add component (AddParameter): Name = "Manufacturer URL"; Value = "http://www.panasonic.com/"; VariantName = "[No Variations]"
Add component (AddParameter): Name = "Max Operating Temperature"; Value = "85degC"; VariantName = "[No Variations]"
Add component (AddParameter): Name = "Min Operating Temperature"; Value = "-40degC"; VariantName = "[No Variations]"
Add component (AddParameter): Name = "Mount"; Value = "ThroughHole"; VariantName = "[No Variations]"
Add component (AddParameter): Name = "Number of Pins"; Value = "2"; VariantName = "[No Variations]"
Add component (AddParameter): Name = "Package Description"; Value = "2-Pin Radial Lead, Dia 5 mm, Height 12 mm"; VariantName = "[No Variations]"
Add component (AddParameter): Name = "Package Quantity"; Value = "200"; VariantName = "[No Variations]"
Add component (AddParameter): Name = "Package Reference"; Value = "CAPPR55-200-1100X500X1200"; VariantName = "[No Variations]"
Add component (AddParameter): Name = "Packaging"; Value = "Bulk"; VariantName = "[No Variations]"
Add component (AddParameter): Name = "Radiation Hardening"; Value = "No"; VariantName = "[No Variations]"
Add component (AddParameter): Name = "REACH SVHC"; Value = "NoSVHC"; VariantName = "[No Variations]"
Add component (AddParameter): Name = "Ripple Current"; Value = "65mA"; VariantName = "[No Variations]"
Add component (AddParameter): Name = "Ripple Current (AC)"; Value = "65mA"; VariantName = "[No Variations]"
Add component (AddParameter): Name = "RoHSCompliant"; Value = "true"; VariantName = "[No Variations]"
Add component (AddParameter): Name = "Termination"; Value = "Radial"; VariantName = "[No Variations]"
Add component (AddParameter): Name = "Tolerance"; Value = "20%"; VariantName = "[No Variations]"
Add component (AddParameter): Name = "Voltage"; Value = "50V"; VariantName = "[No Variations]"
Add component (AddParameter): Name = "Voltage Rating"; Value = "50V"; VariantName = "[No Variations]"
Add component (AddParameter): Name = "Voltage Rating (DC)"; Value = "50V"; VariantName = "[No Variations]"
Added Component: Designator=C4(FP-RAD-TH-D_12_5_0_5-L_40-MFG)
Add component (AddParameter): Name = "Capacitance"; Value = "2.2mF"; VariantName = "[No Variations]"
Add component (AddParameter): Name = "Case/Package"; Value = "Radial"; VariantName = "[No Variations]"
Add component (AddParameter): Name = "Construction"; Value = "RADIAL"; VariantName = "[No Variations]"
Add component (AddParameter): Name = "Contact Plating"; Value = "Tin"; VariantName = "[No Variations]"
Add component (AddParameter): Name = "Diameter"; Value = "12.5mm"; VariantName = "[No Variations]"
Add component (AddParameter): Name = "Dielectric Material"; Value = "Aluminium"; VariantName = "[No Variations]"
Add component (AddParameter): Name = "Height"; Value = "40mm"; VariantName = "[No Variations]"
Add component (AddParameter): Name = "Impedance"; Value = "14mR"; VariantName = "[No Variations]"
Add component (AddParameter): Name = "Lead Diameter"; Value = "0.8mm"; VariantName = "[No Variations]"
Add component (AddParameter): Name = "Lead Pitch"; Value = "5mm"; VariantName = "[No Variations]"
Add component (AddParameter): Name = "Length"; Value = "40mm"; VariantName = "[No Variations]"
Add component (AddParameter): Name = "Life (Hours)"; Value = "5000Hour"; VariantName = "[No Variations]"
Add component (AddParameter): Name = "Max Operating Temperature"; Value = "105°C"; VariantName = "[No Variations]"
Add component (AddParameter): Name = "Min Operating Temperature"; Value = "-55°C"; VariantName = "[No Variations]"
Add component (AddParameter): Name = "Mount"; Value = "Through Hole"; VariantName = "[No Variations]"
Add component (AddParameter): Name = "Number of Pins"; Value = "2"; VariantName = "[No Variations]"
Add component (AddParameter): Name = "Package Quantity"; Value = "100"; VariantName = "[No Variations]"
Add component (AddParameter): Name = "Packaging"; Value = "Bulk"; VariantName = "[No Variations]"
Add component (AddParameter): Name = "Radiation Hardening"; Value = "No"; VariantName = "[No Variations]"
Add component (AddParameter): Name = "Ratings"; Value = "AEC-Q200"; VariantName = "[No Variations]"
Add component (AddParameter): Name = "REACH SVHC"; Value = "No SVHC"; VariantName = "[No Variations]"
Add component (AddParameter): Name = "Ripple Current"; Value = "3.01A"; VariantName = "[No Variations]"
Add component (AddParameter): Name = "Series"; Value = "FK"; VariantName = "[No Variations]"
Add component (AddParameter): Name = "Termination"; Value = "Radial"; VariantName = "[No Variations]"
Add component (AddParameter): Name = "Tolerance"; Value = "20%"; VariantName = "[No Variations]"
Add component (AddParameter): Name = "Voltage"; Value = "35V"; VariantName = "[No Variations]"
Add component (AddParameter): Name = "Voltage Rating"; Value = "35V"; VariantName = "[No Variations]"
Add component (AddParameter): Name = "Voltage Rating (DC)"; Value = "35V"; VariantName = "[No Variations]"
Added Component: Designator=D1(ONSC-AXIAL_LEAD-2-59-10_P)
Add component (AddParameter): Name = "ComponentLink1Description"; Value = "Manufacturer URL"; VariantName = "[No Variations]"
Add component (AddParameter): Name = "ComponentLink1URL"; Value = "http://www.onsemi.com/"; VariantName = "[No Variations]"
Add component (AddParameter): Name = "ComponentLink2Description"; Value = "Datasheet"; VariantName = "[No Variations]"
Add component (AddParameter): Name = "ComponentLink2URL"; Value = "http://www.onsemi.cn/pub_link/Collateral/1N5817-D.PDF"; VariantName = "[No Variations]"
Add component (AddParameter): Name = "ComponentLink3Description"; Value = "Package Specification"; VariantName = "[No Variations]"
Add component (AddParameter): Name = "ComponentLink3URL"; Value = "http://www.onsemi.cn/pub_link/Collateral/59-10.PDF"; VariantName = "[No Variations]"
Add component (AddParameter): Name = "Configuration"; Value = "Single"; VariantName = "[No Variations]"
Add component (AddParameter): Name = "DatasheetVersion"; Value = "Rev. 10"; VariantName = "[No Variations]"
Add component (AddParameter): Name = "IFSM Max (A)"; Value = "25"; VariantName = "[No Variations]"
Add component (AddParameter): Name = "Manufacturer"; Value = "On Semiconductor"; VariantName = "[No Variations]"
Add component (AddParameter): Name = "Mounting Technology"; Value = "Through Hole"; VariantName = "[No Variations]"
Add component (AddParameter): Name = "Note1"; Value = "0"; VariantName = "[No Variations]"
Add component (AddParameter): Name = "PackageDescription"; Value = "2-Pin, Axial Lead, Diameter 2.35 mm"; VariantName = "[No Variations]"
Add component (AddParameter): Name = "PackageReference"; Value = "AXIAL_LEAD-2-59-10"; VariantName = "[No Variations]"
Add component (AddParameter): Name = "PackageVersion"; Value = "Rev. U, 02/2005"; VariantName = "[No Variations]"
Add component (AddParameter): Name = "Packing"; Value = "Bulk Bag"; VariantName = "[No Variations]"
Add component (AddParameter): Name = "PartNumber"; Value = "1N5818"; VariantName = "[No Variations]"
Add component (AddParameter): Name = "RoHS"; Value = "TRUE"; VariantName = "[No Variations]"
Added Component: Designator=D2(FP-HLMP-1301-MFG)
Add component (AddParameter): Name = "Automotive"; Value = "No"; VariantName = "[No Variations]"
Add component (AddParameter): Name = "Category"; Value = "Diode"; VariantName = "[No Variations]"
Add component (AddParameter): Name = "Colour"; Value = "Red"; VariantName = "[No Variations]"
Add component (AddParameter): Name = "ComponentLink2Description"; Value = "Datasheet"; VariantName = "[No Variations]"
Add component (AddParameter): Name = "ComponentLink2URL"; Value = "https://docs.broadcom.com/docs/AV02-1555EN"; VariantName = "[No Variations]"
Add component (AddParameter): Name = "Device Class L1"; Value = "Optoelectronics"; VariantName = "[No Variations]"
Add component (AddParameter): Name = "Device Class L2"; Value = "LEDs"; VariantName = "[No Variations]"
Add component (AddParameter): Name = "Device Class L3"; Value = "unset"; VariantName = "[No Variations]"
Add component (AddParameter): Name = "Digikey Description"; Value = "LED RED DIFFUSED T-1 T/H"; VariantName = "[No Variations]"
Add component (AddParameter): Name = "Forward Current"; Value = "10mA"; VariantName = "[No Variations]"
Add component (AddParameter): Name = "Forward Voltage"; Value = "1.9V"; VariantName = "[No Variations]"
Add component (AddParameter): Name = "Lead Free"; Value = "Yes"; VariantName = "[No Variations]"
Add component (AddParameter): Name = "Led Orientation"; Value = "Straight"; VariantName = "[No Variations]"
Add component (AddParameter): Name = "Luminous Intensity"; Value = "3.4mcd"; VariantName = "[No Variations]"
Add component (AddParameter): Name = "Manufacturer"; Value = "Broadcom"; VariantName = "[No Variations]"
Add component (AddParameter): Name = "Manufacturer Part Number"; Value = "HLMP-1301"; VariantName = "[No Variations]"
Add component (AddParameter): Name = "Max Junction Temp"; Value = "+110°C"; VariantName = "[No Variations]"
Add component (AddParameter): Name = "Mouser Description"; Value = "Standard LEDs - Through Hole Red Diffused 635nm 3.4mcd"; VariantName = "[No Variations]"
Add component (AddParameter): Name = "Octopart"; Value = "https://octopart.com/hlmp-1301-broadcom-71130345"; VariantName = "[No Variations]"
Add component (AddParameter): Name = "Package"; Value = "0"; VariantName = "[No Variations]"
Add component (AddParameter): Name = "Peak Emmision Wavelength"; Value = "635nm"; VariantName = "[No Variations]"
Add component (AddParameter): Name = "Reverse Voltage"; Value = "5V"; VariantName = "[No Variations]"
Add component (AddParameter): Name = "RoHS"; Value = "TRUE"; VariantName = "[No Variations]"
Add component (AddParameter): Name = "Temperature"; Value = "-40°C to +100°C"; VariantName = "[No Variations]"
Add component (AddParameter): Name = "Temperature Range High"; Value = "+100°C"; VariantName = "[No Variations]"
Add component (AddParameter): Name = "Temperature Range Low"; Value = "-40°C"; VariantName = "[No Variations]"
Add component (AddParameter): Name = "Viewing Angle"; Value = "60°"; VariantName = "[No Variations]"
Add component (AddParameter): Name = "Wavelength"; Value = "626nm"; VariantName = "[No Variations]"
Added Component: Designator=D3(FP-GBU-MFG)
Add component (AddParameter): Name = "Automotive"; Value = "No"; VariantName = "[No Variations]"
Add component (AddParameter): Name = "Capacitance"; Value = "68pF"; VariantName = "[No Variations]"
Add component (AddParameter): Name = "Category"; Value = "Diode"; VariantName = "[No Variations]"
Add component (AddParameter): Name = "ComponentLink2Description"; Value = "Datasheet"; VariantName = "[No Variations]"
Add component (AddParameter): Name = "ComponentLink2URL"; Value = "https://www.vishay.com/docs/88616/gbu8a.pdf"; VariantName = "[No Variations]"
Add component (AddParameter): Name = "Device Class L1"; Value = "Discrete Semiconductors"; VariantName = "[No Variations]"
Add component (AddParameter): Name = "Device Class L2"; Value = "Diodes"; VariantName = "[No Variations]"
Add component (AddParameter): Name = "Device Class L3"; Value = "Rectifier Diodes"; VariantName = "[No Variations]"
Add component (AddParameter): Name = "Digikey Description"; Value = "BRIDGE RECT 1PHASE 800V 3.9A GBU"; VariantName = "[No Variations]"
Add component (AddParameter): Name = "Forward Current"; Value = "3.9A"; VariantName = "[No Variations]"
Add component (AddParameter): Name = "Height"; Value = "20.83mm"; VariantName = "[No Variations]"
Add component (AddParameter): Name = "Lead Free"; Value = "Yes"; VariantName = "[No Variations]"
Add component (AddParameter): Name = "Manufacturer"; Value = "Vishay"; VariantName = "[No Variations]"
Add component (AddParameter): Name = "Manufacturer Part Number"; Value = "GBU8K-E3/45"; VariantName = "[No Variations]"
Add component (AddParameter): Name = "Max Junction Temp"; Value = "+150°C"; VariantName = "[No Variations]"
Add component (AddParameter): Name = "Max Repetitive Reverse Voltage"; Value = "800V"; VariantName = "[No Variations]"
Add component (AddParameter): Name = "Max Surge Forward Current"; Value = "200A"; VariantName = "[No Variations]"
Add component (AddParameter): Name = "Mouser Description"; Value = "Bridge Rectifiers 800 Volt 8.0 Amp Glass Passivated"; VariantName = "[No Variations]"
Add component (AddParameter): Name = "Octopart"; Value = "https://octopart.com/gbu8k-e3%2F45-vishay-42337698"; VariantName = "[No Variations]"
Add component (AddParameter): Name = "Package"; Value = "GBU"; VariantName = "[No Variations]"
Add component (AddParameter): Name = "Peak Reverse Current"; Value = "5uA"; VariantName = "[No Variations]"
Add component (AddParameter): Name = "RoHS"; Value = "TRUE"; VariantName = "[No Variations]"
Add component (AddParameter): Name = "Standoff Height"; Value = "1.52mm"; VariantName = "[No Variations]"
Add component (AddParameter): Name = "Temperature"; Value = "-55°C to +150°C"; VariantName = "[No Variations]"
Add component (AddParameter): Name = "Temperature Range High"; Value = "+150°C"; VariantName = "[No Variations]"
Add component (AddParameter): Name = "Temperature Range Low"; Value = "-55°C"; VariantName = "[No Variations]"
Add component (AddParameter): Name = "Value"; Value = "68pF"; VariantName = "[No Variations]"
Added Component: Designator=D4(FP-HLMP-1503-MFG)
Add component (AddParameter): Name = "Automotive"; Value = "No"; VariantName = "[No Variations]"
Add component (AddParameter): Name = "Category"; Value = "Diode"; VariantName = "[No Variations]"
Add component (AddParameter): Name = "Colour"; Value = "Green"; VariantName = "[No Variations]"
Add component (AddParameter): Name = "ComponentLink2Description"; Value = "Datasheet"; VariantName = "[No Variations]"
Add component (AddParameter): Name = "ComponentLink2URL"; Value = "https://docs.broadcom.com/docs/AV02-1555EN"; VariantName = "[No Variations]"
Add component (AddParameter): Name = "Device Class L1"; Value = "Optoelectronics"; VariantName = "[No Variations]"
Add component (AddParameter): Name = "Device Class L2"; Value = "LEDs"; VariantName = "[No Variations]"
Add component (AddParameter): Name = "Device Class L3"; Value = "unset"; VariantName = "[No Variations]"
Add component (AddParameter): Name = "Digikey Description"; Value = "LED GREEN DIFFUSED T-1 T/H"; VariantName = "[No Variations]"
Add component (AddParameter): Name = "Forward Current"; Value = "10mA"; VariantName = "[No Variations]"
Add component (AddParameter): Name = "Forward Voltage"; Value = "2.1V"; VariantName = "[No Variations]"
Add component (AddParameter): Name = "Height"; Value = "6.35mm"; VariantName = "[No Variations]"
Add component (AddParameter): Name = "Lead Free"; Value = "Yes"; VariantName = "[No Variations]"
Add component (AddParameter): Name = "Led Orientation"; Value = "Straight"; VariantName = "[No Variations]"
Add component (AddParameter): Name = "Luminous Intensity"; Value = "1mcd"; VariantName = "[No Variations]"
Add component (AddParameter): Name = "Manufacturer"; Value = "Broadcom"; VariantName = "[No Variations]"
Add component (AddParameter): Name = "Manufacturer Part Number"; Value = "HLMP-1503"; VariantName = "[No Variations]"
Add component (AddParameter): Name = "Max Junction Temp"; Value = "+110°C"; VariantName = "[No Variations]"
Add component (AddParameter): Name = "Mouser Description"; Value = "LED; Green; 1mcd; 0.115In.Dia.; T-1; 565nm; 25mA; 2.1V; 5V; GaP; -20degC; 100deg"; VariantName = "[No Variations]"
Add component (AddParameter): Name = "Octopart"; Value = "https://octopart.com/hlmp-1503-broadcom-71130371"; VariantName = "[No Variations]"
Add component (AddParameter): Name = "Package"; Value = "HLMP-1503"; VariantName = "[No Variations]"
Add component (AddParameter): Name = "Peak Emmision Wavelength"; Value = "565nm"; VariantName = "[No Variations]"
Add component (AddParameter): Name = "Reverse Voltage"; Value = "5V"; VariantName = "[No Variations]"
Add component (AddParameter): Name = "RoHS"; Value = "TRUE"; VariantName = "[No Variations]"
Add component (AddParameter): Name = "Standoff Height"; Value = "0.88mm"; VariantName = "[No Variations]"
Add component (AddParameter): Name = "Temperature"; Value = "-20°C to +100°C"; VariantName = "[No Variations]"
Add component (AddParameter): Name = "Temperature Range High"; Value = "+100°C"; VariantName = "[No Variations]"
Add component (AddParameter): Name = "Temperature Range Low"; Value = "-20°C"; VariantName = "[No Variations]"
Add component (AddParameter): Name = "Viewing Angle"; Value = "60°"; VariantName = "[No Variations]"
Add component (AddParameter): Name = "Wavelength"; Value = "569nm"; VariantName = "[No Variations]"
Added Component: Designator=D5(FAIR-DO-41-2_V)
Add component (AddParameter): Name = "ComponentLink1Description"; Value = "Manufacturer URL"; VariantName = "[No Variations]"
Add component (AddParameter): Name = "ComponentLink1URL"; Value = "http://www.fairchildsemi.com/"; VariantName = "[No Variations]"
Add component (AddParameter): Name = "ComponentLink2Description"; Value = "Datasheet"; VariantName = "[No Variations]"
Add component (AddParameter): Name = "ComponentLink2URL"; Value = "http://www.fairchildsemi.com/ds/1N/1N4744A.pdf"; VariantName = "[No Variations]"
Add component (AddParameter): Name = "ComponentLink3Description"; Value = "Package Specification"; VariantName = "[No Variations]"
Add component (AddParameter): Name = "ComponentLink3URL"; Value = "http://www.fairchildsemi.com/dwg/DO/DO41A.pdf"; VariantName = "[No Variations]"
Add component (AddParameter): Name = "DatasheetVersion"; Value = "Rev. H3"; VariantName = "[No Variations]"
Add component (AddParameter): Name = "IR (uA)"; Value = "10"; VariantName = "[No Variations]"
Add component (AddParameter): Name = "Manufacturer"; Value = "Fairchild Semiconductor"; VariantName = "[No Variations]"
Add component (AddParameter): Name = "Mounting Technology"; Value = "Through Hole"; VariantName = "[No Variations]"
Add component (AddParameter): Name = "Operating and Storage Temperature Range"; Value = "-65 to 200 degC"; VariantName = "[No Variations]"
Add component (AddParameter): Name = "PackageDescription"; Value = "2-Pin Axial leaded, Body 2.72 x 5.2 mm, Lead Spread 25.4 mm"; VariantName = "[No Variations]"
Add component (AddParameter): Name = "PackageReference"; Value = "DO-41-2"; VariantName = "[No Variations]"
Add component (AddParameter): Name = "PackageVersion"; Value = "Rev. 2"; VariantName = "[No Variations]"
Add component (AddParameter): Name = "PartNumber"; Value = "1N4732A"; VariantName = "[No Variations]"
Add component (AddParameter): Name = "PD (W)"; Value = "1"; VariantName = "[No Variations]"
Add component (AddParameter): Name = "RoHS"; Value = "TRUE"; VariantName = "[No Variations]"
Add component (AddParameter): Name = "Test Current IZ (mA)"; Value = "53"; VariantName = "[No Variations]"
Add component (AddParameter): Name = "Tolerance"; Value = "5%"; VariantName = "[No Variations]"
Add component (AddParameter): Name = "VZ (Max.) (V)"; Value = "4.935"; VariantName = "[No Variations]"
Add component (AddParameter): Name = "VZ (Min.) (V)"; Value = "4.465"; VariantName = "[No Variations]"
Add component (AddParameter): Name = "ZZ (Max) (ohm)"; Value = "8"; VariantName = "[No Variations]"
Added Component: Designator=J1(PHOE-1714955_V)
Add component (AddParameter): Name = "Datasheet URL"; Value = "http://media.digikey.com/pdf/Data%20Sheets/Phoenix%20Contact%20PDFs/1714955.pdf"; VariantName = "[No Variations]"
Add component (AddParameter): Name = "Datasheet Version"; Value = "02/2010"; VariantName = "[No Variations]"
Add component (AddParameter): Name = "Manufacturer"; Value = "Phoenix Contact"; VariantName = "[No Variations]"
Add component (AddParameter): Name = "Manufacturer URL"; Value = "http://www.phoenixcontact.com/"; VariantName = "[No Variations]"
Add component (AddParameter): Name = "Mounting Technology"; Value = "ThroughHole"; VariantName = "[No Variations]"
Add component (AddParameter): Name = "Package Description"; Value = "PC Terminal Block, Pitch 6.35 mm, 1 x 2 Position, Height 21.5 mm, Tail Lenght 5.1 mm"; VariantName = "[No Variations]"
Add component (AddParameter): Name = "Package Reference"; Value = "1714955"; VariantName = "[No Variations]"
Added Component: Designator=J2(PHOE-1714955_V)
Add component (AddParameter): Name = "Datasheet URL"; Value = "http://media.digikey.com/pdf/Data%20Sheets/Phoenix%20Contact%20PDFs/1714955.pdf"; VariantName = "[No Variations]"
Add component (AddParameter): Name = "Datasheet Version"; Value = "02/2010"; VariantName = "[No Variations]"
Add component (AddParameter): Name = "Manufacturer"; Value = "Phoenix Contact"; VariantName = "[No Variations]"
Add component (AddParameter): Name = "Manufacturer URL"; Value = "http://www.phoenixcontact.com/"; VariantName = "[No Variations]"
Add component (AddParameter): Name = "Mounting Technology"; Value = "ThroughHole"; VariantName = "[No Variations]"
Add component (AddParameter): Name = "Package Description"; Value = "PC Terminal Block, Pitch 6.35 mm, 1 x 2 Position, Height 21.5 mm, Tail Lenght 5.1 mm"; VariantName = "[No Variations]"
Add component (AddParameter): Name = "Package Reference"; Value = "1714955"; VariantName = "[No Variations]"
Added Component: Designator=Q1(FP-TO-220-P0A0015988-MFG)
Add component (AddParameter): Name = "Automotive"; Value = "No"; VariantName = "[No Variations]"
Add component (AddParameter): Name = "Category"; Value = "Trans"; VariantName = "[No Variations]"
Add component (AddParameter): Name = "Collector Base Voltage"; Value = "-100V"; VariantName = "[No Variations]"
Add component (AddParameter): Name = "Collector Emitter Saturation Voltage"; Value = "-1.2V"; VariantName = "[No Variations]"
Add component (AddParameter): Name = "Collector Emitter Voltage"; Value = "-100V"; VariantName = "[No Variations]"
Add component (AddParameter): Name = "ComponentLink2Description"; Value = "Datasheet"; VariantName = "[No Variations]"
Add component (AddParameter): Name = "ComponentLink2URL"; Value = "https://www.st.com/resource/en/datasheet/tip32c.pdf"; VariantName = "[No Variations]"
Add component (AddParameter): Name = "Device Class L1"; Value = "Discrete Semiconductors"; VariantName = "[No Variations]"
Add component (AddParameter): Name = "Device Class L2"; Value = "Transistors"; VariantName = "[No Variations]"
Add component (AddParameter): Name = "Device Class L3"; Value = "BJTs"; VariantName = "[No Variations]"
Add component (AddParameter): Name = "Digikey Description"; Value = "TRANS PNP 100V 3A TO-220"; VariantName = "[No Variations]"
Add component (AddParameter): Name = "Emitter Base Voltage"; Value = "-5V"; VariantName = "[No Variations]"
Add component (AddParameter): Name = "Height"; Value = "19.68mm"; VariantName = "[No Variations]"
Add component (AddParameter): Name = "Hfe Max"; Value = "50"; VariantName = "[No Variations]"
Add component (AddParameter): Name = "Hfe Min"; Value = "10"; VariantName = "[No Variations]"
Add component (AddParameter): Name = "Hfe Testic"; Value = "-3A"; VariantName = "[No Variations]"
Add component (AddParameter): Name = "Hfe Testvce"; Value = "-4V"; VariantName = "[No Variations]"
Add component (AddParameter): Name = "Lead Free"; Value = "Yes"; VariantName = "[No Variations]"
Add component (AddParameter): Name = "Manufacturer"; Value = "STMicroelectronics"; VariantName = "[No Variations]"
Add component (AddParameter): Name = "Manufacturer Part Number"; Value = "TIP32C"; VariantName = "[No Variations]"
Add component (AddParameter): Name = "Max Collector Current"; Value = "-3A"; VariantName = "[No Variations]"
Add component (AddParameter): Name = "Max Junction Temp"; Value = "+150°C"; VariantName = "[No Variations]"
Add component (AddParameter): Name = "Mouser Description"; Value = "Original ST Microelectronics Transistor, 100V, 3A, .22 Ohm, TO-220 Package"; VariantName = "[No Variations]"
Add component (AddParameter): Name = "Number Of Elements"; Value = "1"; VariantName = "[No Variations]"
Add component (AddParameter): Name = "Number Of Pnp"; Value = "1"; VariantName = "[No Variations]"
Add component (AddParameter): Name = "Octopart"; Value = "https://octopart.com/tip32c-stmicroelectronics-353617"; VariantName = "[No Variations]"
Add component (AddParameter): Name = "Package"; Value = "TO-220-P0A0015988"; VariantName = "[No Variations]"
Add component (AddParameter): Name = "Power Dissipation"; Value = "2W"; VariantName = "[No Variations]"
Add component (AddParameter): Name = "RoHS"; Value = "TRUE"; VariantName = "[No Variations]"
Add component (AddParameter): Name = "Standoff Height"; Value = "3.5mm"; VariantName = "[No Variations]"
Add component (AddParameter): Name = "Temperature"; Value = "to +150°C"; VariantName = "[No Variations]"
Add component (AddParameter): Name = "Temperature Range High"; Value = "+150°C"; VariantName = "[No Variations]"
Added Component: Designator=Q2(ONSC-TO-220-3-221A-09)
Add component (AddParameter): Name = "ComponentLink1Description"; Value = "Manufacturer URL"; VariantName = "[No Variations]"
Add component (AddParameter): Name = "ComponentLink1URL"; Value = "http://www.onsemi.com/"; VariantName = "[No Variations]"
Add component (AddParameter): Name = "ComponentLink2Description"; Value = "Datasheet"; VariantName = "[No Variations]"
Add component (AddParameter): Name = "ComponentLink2URL"; Value = "http://www.onsemi.cn/pub_link/Collateral/TIP120-D.PDF"; VariantName = "[No Variations]"
Add component (AddParameter): Name = "ComponentLink3Description"; Value = "Package Specification"; VariantName = "[No Variations]"
Add component (AddParameter): Name = "ComponentLink3URL"; Value = "http://www.onsemi.com/pub_link/Collateral/221A-09.PDF"; VariantName = "[No Variations]"
Add component (AddParameter): Name = "DatasheetVersion"; Value = "Rev. 8"; VariantName = "[No Variations]"
Add component (AddParameter): Name = "IC Continuous (A)"; Value = "5"; VariantName = "[No Variations]"
Add component (AddParameter): Name = "Manufacturer"; Value = "On Semiconductor"; VariantName = "[No Variations]"
Add component (AddParameter): Name = "Mounting Technology"; Value = "Through Hole"; VariantName = "[No Variations]"
Add component (AddParameter): Name = "PackageDescription"; Value = "3-Pin Flange Mount, Vertical Straight Lead, Body 9.97 x 4.445 mm, Pitch 2.54 mm"; VariantName = "[No Variations]"
Add component (AddParameter): Name = "PackageReference"; Value = "TO-220-3-221A-09"; VariantName = "[No Variations]"
Add component (AddParameter): Name = "PackageVersion"; Value = "Rev. AG, 09/2011"; VariantName = "[No Variations]"
Add component (AddParameter): Name = "Packing"; Value = "Tube"; VariantName = "[No Variations]"
Add component (AddParameter): Name = "PartNumber"; Value = "TIP120"; VariantName = "[No Variations]"
Add component (AddParameter): Name = "Polarity"; Value = "NPN"; VariantName = "[No Variations]"
Add component (AddParameter): Name = "RoHS"; Value = "FALSE"; VariantName = "[No Variations]"
Added Component: Designator=R1(FP-SP3A-MFG)
Add component (AddParameter): Name = "Case/Package"; Value = "Axial"; VariantName = "[No Variations]"
Add component (AddParameter): Name = "Diameter"; Value = "5.5mm"; VariantName = "[No Variations]"
Add component (AddParameter): Name = "Length"; Value = "12.7mm"; VariantName = "[No Variations]"
Add component (AddParameter): Name = "Max Operating Temperature"; Value = "350°C"; VariantName = "[No Variations]"
Add component (AddParameter): Name = "Max Power Dissipation"; Value = "4W"; VariantName = "[No Variations]"
Add component (AddParameter): Name = "Min Operating Temperature"; Value = "-55°C"; VariantName = "[No Variations]"
Add component (AddParameter): Name = "Mount"; Value = "Through Hole"; VariantName = "[No Variations]"
Add component (AddParameter): Name = "Number of Terminations"; Value = "2"; VariantName = "[No Variations]"
Add component (AddParameter): Name = "Package Quantity"; Value = "1"; VariantName = "[No Variations]"
Add component (AddParameter): Name = "Packaging"; Value = "Cut Tape"; VariantName = "[No Variations]"
Add component (AddParameter): Name = "Power Rating"; Value = "4W"; VariantName = "[No Variations]"
Add component (AddParameter): Name = "Resistance"; Value = "10R"; VariantName = "[No Variations]"
Add component (AddParameter): Name = "Resistor Type"; Value = "Wirewound"; VariantName = "[No Variations]"
Add component (AddParameter): Name = "RoHS Compliant"; Value = "Yes"; VariantName = "[No Variations]"
Add component (AddParameter): Name = "Series"; Value = "SP"; VariantName = "[No Variations]"
Add component (AddParameter): Name = "Temperature Coefficient"; Value = "20ppm/°C"; VariantName = "[No Variations]"
Add component (AddParameter): Name = "Tolerance"; Value = "5%"; VariantName = "[No Variations]"
Added Component: Designator=R2(FP-SP3A-MFG)
Add component (AddParameter): Name = "Case/Package"; Value = "Axial"; VariantName = "[No Variations]"
Add component (AddParameter): Name = "Diameter"; Value = "5.5mm"; VariantName = "[No Variations]"
Add component (AddParameter): Name = "Length"; Value = "12.7mm"; VariantName = "[No Variations]"
Add component (AddParameter): Name = "Max Operating Temperature"; Value = "350°C"; VariantName = "[No Variations]"
Add component (AddParameter): Name = "Max Power Dissipation"; Value = "4W"; VariantName = "[No Variations]"
Add component (AddParameter): Name = "Min Operating Temperature"; Value = "-55°C"; VariantName = "[No Variations]"
Add component (AddParameter): Name = "Mount"; Value = "Through Hole"; VariantName = "[No Variations]"
Add component (AddParameter): Name = "Number of Terminations"; Value = "2"; VariantName = "[No Variations]"
Add component (AddParameter): Name = "Package Quantity"; Value = "1"; VariantName = "[No Variations]"
Add component (AddParameter): Name = "Packaging"; Value = "Cut Tape"; VariantName = "[No Variations]"
Add component (AddParameter): Name = "Power Rating"; Value = "4W"; VariantName = "[No Variations]"
Add component (AddParameter): Name = "Resistance"; Value = "10R"; VariantName = "[No Variations]"
Add component (AddParameter): Name = "Resistor Type"; Value = "Wirewound"; VariantName = "[No Variations]"
Add component (AddParameter): Name = "RoHS Compliant"; Value = "Yes"; VariantName = "[No Variations]"
Add component (AddParameter): Name = "Series"; Value = "SP"; VariantName = "[No Variations]"
Add component (AddParameter): Name = "Temperature Coefficient"; Value = "20ppm/°C"; VariantName = "[No Variations]"
Add component (AddParameter): Name = "Tolerance"; Value = "5%"; VariantName = "[No Variations]"
Added Component: Designator=R3(RESA60-630X240)
Add component (AddParameter): Name = "Case\Package"; Value = "Axial"; VariantName = "[No Variations]"
Add component (AddParameter): Name = "ComponentLink1Description"; Value = "Manufacturer URL"; VariantName = "[No Variations]"
Add component (AddParameter): Name = "ComponentLink1URL"; Value = "http://www.yageo.com/"; VariantName = "[No Variations]"
Add component (AddParameter): Name = "ComponentLink2Description"; Value = "Datasheet"; VariantName = "[No Variations]"
Add component (AddParameter): Name = "ComponentLink2URL"; Value = "http://www.yageo.com/documents/recent/Yageo%20LR_MFR_2013.pdf"; VariantName = "[No Variations]"
Add component (AddParameter): Name = "DatasheetVersion"; Value = "Apr-13"; VariantName = "[No Variations]"
Add component (AddParameter): Name = "Length"; Value = "0.248 inch"; VariantName = "[No Variations]"
Add component (AddParameter): Name = "Max Operating Temperature"; Value = "155 degC"; VariantName = "[No Variations]"
Add component (AddParameter): Name = "Min Operating Temperature"; Value = "-55 degC"; VariantName = "[No Variations]"
Add component (AddParameter): Name = "Package Quantity"; Value = "200"; VariantName = "[No Variations]"
Add component (AddParameter): Name = "PackageDescription"; Value = "2-Pin Axial Lead, Dia 2.4 mm, Body Length 6.3 mm"; VariantName = "[No Variations]"
Add component (AddParameter): Name = "PackageReference"; Value = "MFR-25"; VariantName = "[No Variations]"
Add component (AddParameter): Name = "Packaging"; Value = "Bulk"; VariantName = "[No Variations]"
Add component (AddParameter): Name = "Power Rating"; Value = "250 mW"; VariantName = "[No Variations]"
Add component (AddParameter): Name = "Resistance"; Value = "10 kohm"; VariantName = "[No Variations]"
Add component (AddParameter): Name = "RoHSCompliant"; Value = "true"; VariantName = "[No Variations]"
Add component (AddParameter): Name = "Tolerance"; Value = "1%"; VariantName = "[No Variations]"
Add component (AddParameter): Name = "Voltage Rating"; Value = "250 V"; VariantName = "[No Variations]"
Added Component: Designator=R4(RESA60-630X240)
Add component (AddParameter): Name = "Case\Package"; Value = "Axial"; VariantName = "[No Variations]"
Add component (AddParameter): Name = "ComponentLink1Description"; Value = "Manufacturer URL"; VariantName = "[No Variations]"
Add component (AddParameter): Name = "ComponentLink1URL"; Value = "http://www.yageo.com/"; VariantName = "[No Variations]"
Add component (AddParameter): Name = "ComponentLink2Description"; Value = "Datasheet"; VariantName = "[No Variations]"
Add component (AddParameter): Name = "ComponentLink2URL"; Value = "http://www.yageo.com/documents/recent/Yageo%20LR_MFR_2013.pdf"; VariantName = "[No Variations]"
Add component (AddParameter): Name = "DatasheetVersion"; Value = "Apr-13"; VariantName = "[No Variations]"
Add component (AddParameter): Name = "Length"; Value = "0.248 inch"; VariantName = "[No Variations]"
Add component (AddParameter): Name = "Max Operating Temperature"; Value = "155 degC"; VariantName = "[No Variations]"
Add component (AddParameter): Name = "Min Operating Temperature"; Value = "-55 degC"; VariantName = "[No Variations]"
Add component (AddParameter): Name = "Package Quantity"; Value = "200"; VariantName = "[No Variations]"
Add component (AddParameter): Name = "PackageDescription"; Value = "2-Pin Axial Lead, Dia 2.4 mm, Body Length 6.3 mm"; VariantName = "[No Variations]"
Add component (AddParameter): Name = "PackageReference"; Value = "MFR-25"; VariantName = "[No Variations]"
Add component (AddParameter): Name = "Packaging"; Value = "Bulk"; VariantName = "[No Variations]"
Add component (AddParameter): Name = "Power Rating"; Value = "250 mW"; VariantName = "[No Variations]"
Add component (AddParameter): Name = "Resistance"; Value = "10 kohm"; VariantName = "[No Variations]"
Add component (AddParameter): Name = "RoHSCompliant"; Value = "true"; VariantName = "[No Variations]"
Add component (AddParameter): Name = "Tolerance"; Value = "1%"; VariantName = "[No Variations]"
Add component (AddParameter): Name = "Voltage Rating"; Value = "250 V"; VariantName = "[No Variations]"
Added Component: Designator=R5(RESA60-630X240)
Add component (AddParameter): Name = "Case\Package"; Value = "Axial"; VariantName = "[No Variations]"
Add component (AddParameter): Name = "ComponentLink1Description"; Value = "Manufacturer URL"; VariantName = "[No Variations]"
Add component (AddParameter): Name = "ComponentLink1URL"; Value = "http://www.yageo.com/"; VariantName = "[No Variations]"
Add component (AddParameter): Name = "ComponentLink2Description"; Value = "Datasheet"; VariantName = "[No Variations]"
Add component (AddParameter): Name = "ComponentLink2URL"; Value = "http://www.yageo.com/documents/recent/Yageo%20LR_MFR_2013.pdf"; VariantName = "[No Variations]"
Add component (AddParameter): Name = "DatasheetVersion"; Value = "Apr-13"; VariantName = "[No Variations]"
Add component (AddParameter): Name = "Length"; Value = "0.248 inch"; VariantName = "[No Variations]"
Add component (AddParameter): Name = "Max Operating Temperature"; Value = "155 degC"; VariantName = "[No Variations]"
Add component (AddParameter): Name = "Min Operating Temperature"; Value = "-55 degC"; VariantName = "[No Variations]"
Add component (AddParameter): Name = "Package Quantity"; Value = "200"; VariantName = "[No Variations]"
Add component (AddParameter): Name = "PackageDescription"; Value = "2-Pin Axial Lead, Dia 2.4 mm, Body Length 6.3 mm"; VariantName = "[No Variations]"
Add component (AddParameter): Name = "PackageReference"; Value = "MFR-25"; VariantName = "[No Variations]"
Add component (AddParameter): Name = "Packaging"; Value = "Bulk"; VariantName = "[No Variations]"
Add component (AddParameter): Name = "Power Rating"; Value = "250 mW"; VariantName = "[No Variations]"
Add component (AddParameter): Name = "Resistance"; Value = "10 kohm"; VariantName = "[No Variations]"
Add component (AddParameter): Name = "RoHSCompliant"; Value = "true"; VariantName = "[No Variations]"
Add component (AddParameter): Name = "Tolerance"; Value = "1%"; VariantName = "[No Variations]"
Add component (AddParameter): Name = "Voltage Rating"; Value = "250 V"; VariantName = "[No Variations]"
Added Component: Designator=R6(RESA60-630X240)
Add component (AddParameter): Name = "Case\Package"; Value = "Axial"; VariantName = "[No Variations]"
Add component (AddParameter): Name = "ComponentLink1Description"; Value = "Manufacturer URL"; VariantName = "[No Variations]"
Add component (AddParameter): Name = "ComponentLink1URL"; Value = "http://www.yageo.com/"; VariantName = "[No Variations]"
Add component (AddParameter): Name = "ComponentLink2Description"; Value = "Datasheet"; VariantName = "[No Variations]"
Add component (AddParameter): Name = "ComponentLink2URL"; Value = "http://www.yageo.com/documents/recent/Yageo%20LR_MFR_2013.pdf"; VariantName = "[No Variations]"
Add component (AddParameter): Name = "DatasheetVersion"; Value = "Apr-13"; VariantName = "[No Variations]"
Add component (AddParameter): Name = "Length"; Value = "0.248 inch"; VariantName = "[No Variations]"
Add component (AddParameter): Name = "Max Operating Temperature"; Value = "155 degC"; VariantName = "[No Variations]"
Add component (AddParameter): Name = "Min Operating Temperature"; Value = "-55 degC"; VariantName = "[No Variations]"
Add component (AddParameter): Name = "Package Quantity"; Value = "200"; VariantName = "[No Variations]"
Add component (AddParameter): Name = "PackageDescription"; Value = "2-Pin Axial Lead, Dia 2.4 mm, Body Length 6.3 mm"; VariantName = "[No Variations]"
Add component (AddParameter): Name = "PackageReference"; Value = "MFR-25"; VariantName = "[No Variations]"
Add component (AddParameter): Name = "Packaging"; Value = "Bulk"; VariantName = "[No Variations]"
Add component (AddParameter): Name = "Power Rating"; Value = "250 mW"; VariantName = "[No Variations]"
Add component (AddParameter): Name = "Resistance"; Value = "10 kohm"; VariantName = "[No Variations]"
Add component (AddParameter): Name = "RoHSCompliant"; Value = "true"; VariantName = "[No Variations]"
Add component (AddParameter): Name = "Tolerance"; Value = "1%"; VariantName = "[No Variations]"
Add component (AddParameter): Name = "Voltage Rating"; Value = "250 V"; VariantName = "[No Variations]"
Added Component: Designator=R7(RESA60-630X240)
Add component (AddParameter): Name = "Case\Package"; Value = "Axial"; VariantName = "[No Variations]"
Add component (AddParameter): Name = "ComponentLink1Description"; Value = "Manufacturer URL"; VariantName = "[No Variations]"
Add component (AddParameter): Name = "ComponentLink1URL"; Value = "http://www.yageo.com/"; VariantName = "[No Variations]"
Add component (AddParameter): Name = "ComponentLink2Description"; Value = "Datasheet"; VariantName = "[No Variations]"
Add component (AddParameter): Name = "ComponentLink2URL"; Value = "http://www.yageo.com/documents/recent/Yageo%20LR_MFR_2013.pdf"; VariantName = "[No Variations]"
Add component (AddParameter): Name = "DatasheetVersion"; Value = "Apr-13"; VariantName = "[No Variations]"
Add component (AddParameter): Name = "Length"; Value = "0.248 inch"; VariantName = "[No Variations]"
Add component (AddParameter): Name = "Max Operating Temperature"; Value = "155 degC"; VariantName = "[No Variations]"
Add component (AddParameter): Name = "Min Operating Temperature"; Value = "-55 degC"; VariantName = "[No Variations]"
Add component (AddParameter): Name = "Package Quantity"; Value = "200"; VariantName = "[No Variations]"
Add component (AddParameter): Name = "PackageDescription"; Value = "2-Pin Axial Lead, Dia 2.4 mm, Body Length 6.3 mm"; VariantName = "[No Variations]"
Add component (AddParameter): Name = "PackageReference"; Value = "MFR-25"; VariantName = "[No Variations]"
Add component (AddParameter): Name = "Packaging"; Value = "Bulk"; VariantName = "[No Variations]"
Add component (AddParameter): Name = "Power Rating"; Value = "250 mW"; VariantName = "[No Variations]"
Add component (AddParameter): Name = "Resistance"; Value = "10 kohm"; VariantName = "[No Variations]"
Add component (AddParameter): Name = "RoHSCompliant"; Value = "true"; VariantName = "[No Variations]"
Add component (AddParameter): Name = "Tolerance"; Value = "1%"; VariantName = "[No Variations]"
Add component (AddParameter): Name = "Voltage Rating"; Value = "250 V"; VariantName = "[No Variations]"
Added Component: Designator=R8(RESA60-630X240)
Add component (AddParameter): Name = "Case\Package"; Value = "Axial"; VariantName = "[No Variations]"
Add component (AddParameter): Name = "ComponentLink1Description"; Value = "Manufacturer URL"; VariantName = "[No Variations]"
Add component (AddParameter): Name = "ComponentLink1URL"; Value = "http://www.yageo.com/"; VariantName = "[No Variations]"
Add component (AddParameter): Name = "ComponentLink2Description"; Value = "Datasheet"; VariantName = "[No Variations]"
Add component (AddParameter): Name = "ComponentLink2URL"; Value = "http://www.yageo.com/documents/recent/Yageo%20LR_MFR_2013.pdf"; VariantName = "[No Variations]"
Add component (AddParameter): Name = "DatasheetVersion"; Value = "Apr-13"; VariantName = "[No Variations]"
Add component (AddParameter): Name = "Length"; Value = "0.248 inch"; VariantName = "[No Variations]"
Add component (AddParameter): Name = "Max Operating Temperature"; Value = "155 degC"; VariantName = "[No Variations]"
Add component (AddParameter): Name = "Min Operating Temperature"; Value = "-55 degC"; VariantName = "[No Variations]"
Add component (AddParameter): Name = "Package Quantity"; Value = "200"; VariantName = "[No Variations]"
Add component (AddParameter): Name = "PackageDescription"; Value = "2-Pin Axial Lead, Dia 2.4 mm, Body Length 6.3 mm"; VariantName = "[No Variations]"
Add component (AddParameter): Name = "PackageReference"; Value = "MFR-25"; VariantName = "[No Variations]"
Add component (AddParameter): Name = "Packaging"; Value = "Bulk"; VariantName = "[No Variations]"
Add component (AddParameter): Name = "Power Rating"; Value = "250 mW"; VariantName = "[No Variations]"
Add component (AddParameter): Name = "Resistance"; Value = "10 kohm"; VariantName = "[No Variations]"
Add component (AddParameter): Name = "RoHSCompliant"; Value = "true"; VariantName = "[No Variations]"
Add component (AddParameter): Name = "Tolerance"; Value = "1%"; VariantName = "[No Variations]"
Add component (AddParameter): Name = "Voltage Rating"; Value = "250 V"; VariantName = "[No Variations]"
Added Component: Designator=R9(RESA60-630X240)
Add component (AddParameter): Name = "Case\Package"; Value = "Axial"; VariantName = "[No Variations]"
Add component (AddParameter): Name = "ComponentLink1Description"; Value = "Manufacturer URL"; VariantName = "[No Variations]"
Add component (AddParameter): Name = "ComponentLink1URL"; Value = "http://www.yageo.com/"; VariantName = "[No Variations]"
Add component (AddParameter): Name = "ComponentLink2Description"; Value = "Datasheet"; VariantName = "[No Variations]"
Add component (AddParameter): Name = "ComponentLink2URL"; Value = "http://www.yageo.com/documents/recent/Yageo%20LR_MFR_2013.pdf"; VariantName = "[No Variations]"
Add component (AddParameter): Name = "DatasheetVersion"; Value = "Apr-13"; VariantName = "[No Variations]"
Add component (AddParameter): Name = "Length"; Value = "0.248 inch"; VariantName = "[No Variations]"
Add component (AddParameter): Name = "Max Operating Temperature"; Value = "155 degC"; VariantName = "[No Variations]"
Add component (AddParameter): Name = "Min Operating Temperature"; Value = "-55 degC"; VariantName = "[No Variations]"
Add component (AddParameter): Name = "Package Quantity"; Value = "200"; VariantName = "[No Variations]"
Add component (AddParameter): Name = "PackageDescription"; Value = "2-Pin Axial Lead, Dia 2.4 mm, Body Length 6.3 mm"; VariantName = "[No Variations]"
Add component (AddParameter): Name = "PackageReference"; Value = "MFR-25"; VariantName = "[No Variations]"
Add component (AddParameter): Name = "Packaging"; Value = "Bulk"; VariantName = "[No Variations]"
Add component (AddParameter): Name = "Power Rating"; Value = "250 mW"; VariantName = "[No Variations]"
Add component (AddParameter): Name = "Resistance"; Value = "10 kohm"; VariantName = "[No Variations]"
Add component (AddParameter): Name = "RoHSCompliant"; Value = "true"; VariantName = "[No Variations]"
Add component (AddParameter): Name = "Tolerance"; Value = "1%"; VariantName = "[No Variations]"
Add component (AddParameter): Name = "Voltage Rating"; Value = "250 V"; VariantName = "[No Variations]"
Added Component: Designator=U1(TO-220)
Add component (AddParameter): Name = "ComponentLink1Description"; Value = "Manufacturer URL"; VariantName = "[No Variations]"
Add component (AddParameter): Name = "ComponentLink1URL"; Value = "http://www.st.com"; VariantName = "[No Variations]"
Add component (AddParameter): Name = "ComponentLink2Description"; Value = "Datasheet"; VariantName = "[No Variations]"
Add component (AddParameter): Name = "ComponentLink2URL"; Value = "http://www.st.com/internet/com/TECHNICAL_RESOURCES/TECHNICAL_LITERATURE/DATASHEET/CD00000455.pdf"; VariantName = "[No Variations]"
Add component (AddParameter): Name = "ComponentLink3Description"; Value = "Package Specification"; VariantName = "[No Variations]"
Add component (AddParameter): Name = "ComponentLink3URL"; Value = "http://www.st.com/internet/com/TECHNICAL_RESOURCES/TECHNICAL_LITERATURE/PACKAGE_INFORMATION/CD00004649.pdf"; VariantName = "[No Variations]"
Add component (AddParameter): Name = "DatasheetVersion"; Value = "1/11/2011"; VariantName = "[No Variations]"
Add component (AddParameter): Name = "PackageDescription"; Value = "TO, Thru-Hole, Vertical, Heatsink Mounted; 3 In-Line Leads; Pitch 2.54 mm"; VariantName = "[No Variations]"
Add component (AddParameter): Name = "PackageReference"; Value = "TO-220"; VariantName = "[No Variations]"
Add component (AddParameter): Name = "PackageVersion"; Value = "2011"; VariantName = "[No Variations]"
Added Component: Designator=U2(TO-92)
Add component (AddParameter): Name = "ComponentLink1Description"; Value = "Manufacturer URL"; VariantName = "[No Variations]"
Add component (AddParameter): Name = "ComponentLink1URL"; Value = "http://www.st.com"; VariantName = "[No Variations]"
Add component (AddParameter): Name = "ComponentLink2Description"; Value = "Datasheet"; VariantName = "[No Variations]"
Add component (AddParameter): Name = "ComponentLink2URL"; Value = "http://www.st.com/internet/com/TECHNICAL_RESOURCES/TECHNICAL_LITERATURE/DATASHEET/CD00000986.pdf"; VariantName = "[No Variations]"
Add component (AddParameter): Name = "DatasheetVersion"; Value = "Oct-2011"; VariantName = "[No Variations]"
Add component (AddParameter): Name = "PackageDescription"; Value = "TO, Flat Index; 3 In-Line, Axial Leads; Body Dia. 4.7mm; Lead Dia. 0.56 mm (max)"; VariantName = "[No Variations]"
Add component (AddParameter): Name = "PackageReference"; Value = "TO-92"; VariantName = "[No Variations]"
Add component (AddParameter): Name = "PackageVersion"; Value = "2011"; VariantName = "[No Variations]"
Added Component: Designator=VR1(BOUR-3852A-282-103AL-3_V)
Add component (AddParameter): Name = "Actuator Diameter"; Value = "0.250"(6.35mm)"; VariantName = "[No Variations]"
Add component (AddParameter): Name = "Actuator Length"; Value = "0.875"(22.23mm)"; VariantName = "[No Variations]"
Add component (AddParameter): Name = "Actuator Type"; Value = "Slotted"; VariantName = "[No Variations]"
Add component (AddParameter): Name = "Associated Product"; Value = "36-8560-ND
-KNOBINSTRUMW/DIALRND.9"DIA
36-8555-ND
-KNOBINSTRUMSKIRTEDRND.7"DIA
36-8556-ND
-KNOBINSTRUMSKIRTEDRND.9"DIA
36-8565-ND
-KNOBINSTRUMDBLBARRND.7"DIA
36-8566-ND
-KNOBINSTRUMDBLBARRND.9"DIA
36-8568-ND
-KNOBINSTRUMSGLBARRND.7"DIA
36-8569-ND
-KNOBINSTRUMSGLBARRND.9"DIA
36-8559-ND
-KNOBINSTRUMW/DIALRND.7"DIA
226-1006-ND
-KNOBBLKGLOSS.75"DIA.250"SHAFT
226-1007-ND
-KNOBBLKGLOSS.925"DIA.250"SHAFT
226-1011-ND
-KNOBBLKGLOS"; VariantName = "[No Variations]"
Add component (AddParameter): Name = "Built in Switch"; Value = "None"; VariantName = "[No Variations]"
Add component (AddParameter): Name = "Bushing Thread"; Value = "3/8-32"; VariantName = "[No Variations]"
Add component (AddParameter): Name = "Catalog Drawings"; Value = "3852SeriesSide1

3852SeriesSide2"; VariantName = "[No Variations]"
Add component (AddParameter): Name = "Category"; Value = "Potentiometers,VariableResistors"; VariantName = "[No Variations]"
Add component (AddParameter): Name = "Datasheet URL"; Value = "https://datasheet.ciiva.com/11831/0900766b80f93b4b-11831016.pdf"; VariantName = "[No Variations]"
Add component (AddParameter): Name = "Datasheet Version"; Value = "Sep-14"; VariantName = "[No Variations]"
Add component (AddParameter): Name = "Family"; Value = "RotaryPotentiometers,Rheostats"; VariantName = "[No Variations]"
Add component (AddParameter): Name = "Manufacturer"; Value = "Bourns"; VariantName = "[No Variations]"
Add component (AddParameter): Name = "Manufacturer URL"; Value = "http://www.bourns.com/"; VariantName = "[No Variations]"
Add component (AddParameter): Name = "Mounting Type"; Value = "PanelMount"; VariantName = "[No Variations]"
Add component (AddParameter): Name = "Number of Gangs"; Value = "1"; VariantName = "[No Variations]"
Add component (AddParameter): Name = "Number of Turns"; Value = "1"; VariantName = "[No Variations]"
Add component (AddParameter): Name = "Online Catalog"; Value = "3852and3856Series"; VariantName = "[No Variations]"
Add component (AddParameter): Name = "Other Names"; Value = "3852A282103AL"; VariantName = "[No Variations]"
Add component (AddParameter): Name = "Packaging"; Value = "Bulk"; VariantName = "[No Variations]"
Add component (AddParameter): Name = "PCN Design/Specification"; Value = "PBTResinJun/2011"; VariantName = "[No Variations]"
Add component (AddParameter): Name = "PCN Other"; Value = "MultipleChanges01/Dec/2012"; VariantName = "[No Variations]"
Add component (AddParameter): Name = "Power (Watts)"; Value = "2W"; VariantName = "[No Variations]"
Add component (AddParameter): Name = "Resistance (Ohms)"; Value = "10k"; VariantName = "[No Variations]"
Add component (AddParameter): Name = "Resistive Material"; Value = "Cermet"; VariantName = "[No Variations]"
Add component (AddParameter): Name = "RoHS Information"; Value = "3852A-LMaterialDeclaration"; VariantName = "[No Variations]"
Add component (AddParameter): Name = "Rotation"; Value = "280deg"; VariantName = "[No Variations]"
Add component (AddParameter): Name = "Series"; Value = "3852"; VariantName = "[No Variations]"
Add component (AddParameter): Name = "Standard Package"; Value = "45"; VariantName = "[No Variations]"
Add component (AddParameter): Name = "Taper"; Value = "Linear"; VariantName = "[No Variations]"
Add component (AddParameter): Name = "Temperature Coefficient"; Value = "±150ppm/degC"; VariantName = "[No Variations]"
Add component (AddParameter): Name = "Termination Style"; Value = "SolderLug"; VariantName = "[No Variations]"
Add component (AddParameter): Name = "Tolerance"; Value = "±10%"; VariantName = "[No Variations]"
Added Component: Designator=VR2(BOUR-3852A-282-103AL-3_V)
Add component (AddParameter): Name = "Actuator Diameter"; Value = "0.250"(6.35mm)"; VariantName = "[No Variations]"
Add component (AddParameter): Name = "Actuator Length"; Value = "0.875"(22.23mm)"; VariantName = "[No Variations]"
Add component (AddParameter): Name = "Actuator Type"; Value = "Slotted"; VariantName = "[No Variations]"
Add component (AddParameter): Name = "Associated Product"; Value = "36-8560-ND
-KNOBINSTRUMW/DIALRND.9"DIA
36-8555-ND
-KNOBINSTRUMSKIRTEDRND.7"DIA
36-8556-ND
-KNOBINSTRUMSKIRTEDRND.9"DIA
36-8565-ND
-KNOBINSTRUMDBLBARRND.7"DIA
36-8566-ND
-KNOBINSTRUMDBLBARRND.9"DIA
36-8568-ND
-KNOBINSTRUMSGLBARRND.7"DIA
36-8569-ND
-KNOBINSTRUMSGLBARRND.9"DIA
36-8559-ND
-KNOBINSTRUMW/DIALRND.7"DIA
226-1006-ND
-KNOBBLKGLOSS.75"DIA.250"SHAFT
226-1007-ND
-KNOBBLKGLOSS.925"DIA.250"SHAFT
226-1011-ND
-KNOBBLKGLOS"; VariantName = "[No Variations]"
Add component (AddParameter): Name = "Built in Switch"; Value = "None"; VariantName = "[No Variations]"
Add component (AddParameter): Name = "Bushing Thread"; Value = "3/8-32"; VariantName = "[No Variations]"
Add component (AddParameter): Name = "Catalog Drawings"; Value = "3852SeriesSide1

3852SeriesSide2"; VariantName = "[No Variations]"
Add component (AddParameter): Name = "Category"; Value = "Potentiometers,VariableResistors"; VariantName = "[No Variations]"
Add component (AddParameter): Name = "Datasheet URL"; Value = "https://datasheet.ciiva.com/11831/0900766b80f93b4b-11831016.pdf"; VariantName = "[No Variations]"
Add component (AddParameter): Name = "Datasheet Version"; Value = "Sep-14"; VariantName = "[No Variations]"
Add component (AddParameter): Name = "Family"; Value = "RotaryPotentiometers,Rheostats"; VariantName = "[No Variations]"
Add component (AddParameter): Name = "Manufacturer"; Value = "Bourns"; VariantName = "[No Variations]"
Add component (AddParameter): Name = "Manufacturer URL"; Value = "http://www.bourns.com/"; VariantName = "[No Variations]"
Add component (AddParameter): Name = "Mounting Type"; Value = "PanelMount"; VariantName = "[No Variations]"
Add component (AddParameter): Name = "Number of Gangs"; Value = "1"; VariantName = "[No Variations]"
Add component (AddParameter): Name = "Number of Turns"; Value = "1"; VariantName = "[No Variations]"
Add component (AddParameter): Name = "Online Catalog"; Value = "3852and3856Series"; VariantName = "[No Variations]"
Add component (AddParameter): Name = "Other Names"; Value = "3852A282103AL"; VariantName = "[No Variations]"
Add component (AddParameter): Name = "Packaging"; Value = "Bulk"; VariantName = "[No Variations]"
Add component (AddParameter): Name = "PCN Design/Specification"; Value = "PBTResinJun/2011"; VariantName = "[No Variations]"
Add component (AddParameter): Name = "PCN Other"; Value = "MultipleChanges01/Dec/2012"; VariantName = "[No Variations]"
Add component (AddParameter): Name = "Power (Watts)"; Value = "2W"; VariantName = "[No Variations]"
Add component (AddParameter): Name = "Resistance (Ohms)"; Value = "10k"; VariantName = "[No Variations]"
Add component (AddParameter): Name = "Resistive Material"; Value = "Cermet"; VariantName = "[No Variations]"
Add component (AddParameter): Name = "RoHS Information"; Value = "3852A-LMaterialDeclaration"; VariantName = "[No Variations]"
Add component (AddParameter): Name = "Rotation"; Value = "280deg"; VariantName = "[No Variations]"
Add component (AddParameter): Name = "Series"; Value = "3852"; VariantName = "[No Variations]"
Add component (AddParameter): Name = "Standard Package"; Value = "45"; VariantName = "[No Variations]"
Add component (AddParameter): Name = "Taper"; Value = "Linear"; VariantName = "[No Variations]"
Add component (AddParameter): Name = "Temperature Coefficient"; Value = "±150ppm/degC"; VariantName = "[No Variations]"
Add component (AddParameter): Name = "Termination Style"; Value = "SolderLug"; VariantName = "[No Variations]"
Add component (AddParameter): Name = "Tolerance"; Value = "±10%"; VariantName = "[No Variations]"
Added Component: Designator=VR3(BOUR-3852A-282-103AL-3_V)
Add component (AddParameter): Name = "Actuator Diameter"; Value = "0.250"(6.35mm)"; VariantName = "[No Variations]"
Add component (AddParameter): Name = "Actuator Length"; Value = "0.875"(22.23mm)"; VariantName = "[No Variations]"
Add component (AddParameter): Name = "Actuator Type"; Value = "Slotted"; VariantName = "[No Variations]"
Add component (AddParameter): Name = "Associated Product"; Value = "36-8560-ND
-KNOBINSTRUMW/DIALRND.9"DIA
36-8555-ND
-KNOBINSTRUMSKIRTEDRND.7"DIA
36-8556-ND
-KNOBINSTRUMSKIRTEDRND.9"DIA
36-8565-ND
-KNOBINSTRUMDBLBARRND.7"DIA
36-8566-ND
-KNOBINSTRUMDBLBARRND.9"DIA
36-8568-ND
-KNOBINSTRUMSGLBARRND.7"DIA
36-8569-ND
-KNOBINSTRUMSGLBARRND.9"DIA
36-8559-ND
-KNOBINSTRUMW/DIALRND.7"DIA
226-1006-ND
-KNOBBLKGLOSS.75"DIA.250"SHAFT
226-1007-ND
-KNOBBLKGLOSS.925"DIA.250"SHAFT
226-1011-ND
-KNOBBLKGLOS"; VariantName = "[No Variations]"
Add component (AddParameter): Name = "Built in Switch"; Value = "None"; VariantName = "[No Variations]"
Add component (AddParameter): Name = "Bushing Thread"; Value = "3/8-32"; VariantName = "[No Variations]"
Add component (AddParameter): Name = "Catalog Drawings"; Value = "3852SeriesSide1

3852SeriesSide2"; VariantName = "[No Variations]"
Add component (AddParameter): Name = "Category"; Value = "Potentiometers,VariableResistors"; VariantName = "[No Variations]"
Add component (AddParameter): Name = "Datasheet URL"; Value = "https://datasheet.ciiva.com/11831/0900766b80f93b4b-11831016.pdf"; VariantName = "[No Variations]"
Add component (AddParameter): Name = "Datasheet Version"; Value = "Sep-14"; VariantName = "[No Variations]"
Add component (AddParameter): Name = "Family"; Value = "RotaryPotentiometers,Rheostats"; VariantName = "[No Variations]"
Add component (AddParameter): Name = "Manufacturer"; Value = "Bourns"; VariantName = "[No Variations]"
Add component (AddParameter): Name = "Manufacturer URL"; Value = "http://www.bourns.com/"; VariantName = "[No Variations]"
Add component (AddParameter): Name = "Mounting Type"; Value = "PanelMount"; VariantName = "[No Variations]"
Add component (AddParameter): Name = "Number of Gangs"; Value = "1"; VariantName = "[No Variations]"
Add component (AddParameter): Name = "Number of Turns"; Value = "1"; VariantName = "[No Variations]"
Add component (AddParameter): Name = "Online Catalog"; Value = "3852and3856Series"; VariantName = "[No Variations]"
Add component (AddParameter): Name = "Other Names"; Value = "3852A282103AL"; VariantName = "[No Variations]"
Add component (AddParameter): Name = "Packaging"; Value = "Bulk"; VariantName = "[No Variations]"
Add component (AddParameter): Name = "PCN Design/Specification"; Value = "PBTResinJun/2011"; VariantName = "[No Variations]"
Add component (AddParameter): Name = "PCN Other"; Value = "MultipleChanges01/Dec/2012"; VariantName = "[No Variations]"
Add component (AddParameter): Name = "Power (Watts)"; Value = "2W"; VariantName = "[No Variations]"
Add component (AddParameter): Name = "Resistance (Ohms)"; Value = "10k"; VariantName = "[No Variations]"
Add component (AddParameter): Name = "Resistive Material"; Value = "Cermet"; VariantName = "[No Variations]"
Add component (AddParameter): Name = "RoHS Information"; Value = "3852A-LMaterialDeclaration"; VariantName = "[No Variations]"
Add component (AddParameter): Name = "Rotation"; Value = "280deg"; VariantName = "[No Variations]"
Add component (AddParameter): Name = "Series"; Value = "3852"; VariantName = "[No Variations]"
Add component (AddParameter): Name = "Standard Package"; Value = "45"; VariantName = "[No Variations]"
Add component (AddParameter): Name = "Taper"; Value = "Linear"; VariantName = "[No Variations]"
Add component (AddParameter): Name = "Temperature Coefficient"; Value = "±150ppm/degC"; VariantName = "[No Variations]"
Add component (AddParameter): Name = "Termination Style"; Value = "SolderLug"; VariantName = "[No Variations]"
Add component (AddParameter): Name = "Tolerance"; Value = "±10%"; VariantName = "[No Variations]"
Added Pin To Net: NetName=30V Pin=C4-2
Added Pin To Net: NetName=30V Pin=D3-1
Added Pin To Net: NetName=30V Pin=D4-2
Added Pin To Net: NetName=30V Pin=D5-2
Added Pin To Net: NetName=30V Pin=Q1-3
Added Pin To Net: NetName=30V Pin=R2-2
Added Net: Name=30V
Added Pin To Net: NetName=AC_IN_1 Pin=D3-2
Added Pin To Net: NetName=AC_IN_1 Pin=J2-1
Added Net: Name=AC_IN_1
Added Pin To Net: NetName=AC_IN_2 Pin=C1-2
Added Pin To Net: NetName=AC_IN_2 Pin=C2-2
Added Pin To Net: NetName=AC_IN_2 Pin=C3-2
Added Pin To Net: NetName=AC_IN_2 Pin=C4-1
Added Pin To Net: NetName=AC_IN_2 Pin=D3-3
Added Pin To Net: NetName=AC_IN_2 Pin=D3-4
Added Pin To Net: NetName=AC_IN_2 Pin=D5-1
Added Pin To Net: NetName=AC_IN_2 Pin=J1-2
Added Pin To Net: NetName=AC_IN_2 Pin=J2-2
Added Pin To Net: NetName=AC_IN_2 Pin=R8-1
Added Pin To Net: NetName=AC_IN_2 Pin=R9-1
Added Pin To Net: NetName=AC_IN_2 Pin=U2-2
Added Pin To Net: NetName=AC_IN_2 Pin=VR3-2
Added Pin To Net: NetName=AC_IN_2 Pin=VR3-3
Added Net: Name=AC_IN_2
Added Pin To Net: NetName=HC_1 Pin=C1-1
Added Pin To Net: NetName=HC_1 Pin=Q1-2
Added Pin To Net: NetName=HC_1 Pin=Q2-2
Added Pin To Net: NetName=HC_1 Pin=R3-2
Added Pin To Net: NetName=HC_1 Pin=U1-2
Added Pin To Net: NetName=HC_1 Pin=VR2-1
Added Net: Name=HC_1
Added Pin To Net: NetName=NetC2_1 Pin=C2-1
Added Pin To Net: NetName=NetC2_1 Pin=R3-1
Added Pin To Net: NetName=NetC2_1 Pin=R7-2
Added Pin To Net: NetName=NetC2_1 Pin=U1-1
Added Net: Name=NetC2_1
Added Pin To Net: NetName=NetC3_1 Pin=C3-1
Added Pin To Net: NetName=NetC3_1 Pin=D2-2
Added Pin To Net: NetName=NetC3_1 Pin=Q2-1
Added Pin To Net: NetName=NetC3_1 Pin=R5-1
Added Net: Name=NetC3_1
Added Pin To Net: NetName=NetD1_1 Pin=D1-1
Added Pin To Net: NetName=NetD1_1 Pin=J1-1
Added Net: Name=NetD1_1
Added Pin To Net: NetName=NetD1_2 Pin=D1-2
Added Pin To Net: NetName=NetD1_2 Pin=Q2-3
Added Pin To Net: NetName=NetD1_2 Pin=VR1-1
Added Net: Name=NetD1_2
Added Pin To Net: NetName=NetD2_1 Pin=D2-1
Added Pin To Net: NetName=NetD2_1 Pin=R6-2
Added Net: Name=NetD2_1
Added Pin To Net: NetName=NetD4_1 Pin=D4-1
Added Pin To Net: NetName=NetD4_1 Pin=R9-2
Added Net: Name=NetD4_1
Added Pin To Net: NetName=NetQ1_1 Pin=Q1-1
Added Pin To Net: NetName=NetQ1_1 Pin=R1-2
Added Net: Name=NetQ1_1
Added Pin To Net: NetName=NetR1_1 Pin=R1-1
Added Pin To Net: NetName=NetR1_1 Pin=R2-1
Added Pin To Net: NetName=NetR1_1 Pin=U1-3
Added Net: Name=NetR1_1
Added Pin To Net: NetName=NetR4_1 Pin=R4-1
Added Pin To Net: NetName=NetR4_1 Pin=R8-2
Added Pin To Net: NetName=NetR4_1 Pin=U2-3
Added Net: Name=NetR4_1
Added Pin To Net: NetName=NetR4_2 Pin=R4-2
Added Pin To Net: NetName=NetR4_2 Pin=VR1-2
Added Pin To Net: NetName=NetR4_2 Pin=VR1-3
Added Net: Name=NetR4_2
Added Pin To Net: NetName=NetR5_2 Pin=R5-2
Added Pin To Net: NetName=NetR5_2 Pin=VR2-2
Added Pin To Net: NetName=NetR5_2 Pin=VR2-3
Added Net: Name=NetR5_2
Added Pin To Net: NetName=NetR6_1 Pin=R6-1
Added Pin To Net: NetName=NetR6_1 Pin=U2-1
Added Net: Name=NetR6_1
Added Pin To Net: NetName=NetR7_1 Pin=R7-1
Added Pin To Net: NetName=NetR7_1 Pin=VR3-1
Added Net: Name=NetR7_1
Added Class: Name=Sheet2
Added Room: Name=Sheet2
